<?xml version="1.0" encoding="utf-8"?>
<TestRun id="5bafebf6-7cb5-445a-be41-785c0765bc95" name="afney@DESKTOP-38J4122 2026-03-03 00:53:42" runUser="DESKTOP-38J4122\afney" xmlns="http://microsoft.com/schemas/VisualStudio/TeamTest/2010">
  <Times creation="2026-03-03T00:53:42.1600131+03:00" queuing="2026-03-03T00:53:42.1600134+03:00" start="2026-03-03T00:53:40.5844030+03:00" finish="2026-03-03T00:53:42.2258444+03:00" />
  <TestSettings name="default" id="6826f155-d1e2-4f98-9057-24629bfb51f2">
    <Deployment runDeploymentRoot="afney_DESKTOP-38J4122_2026-03-03_00_53_42" />
  </TestSettings>
  <Results>
    <UnitTestResult executionId="cc826cea-0906-4b97-bddf-d27badd1de47" testId="c89f85fa-18c2-7531-2506-730c95e70d38" testName="Afney.Cad.Tests.Mechanical.PortEngineeringTests.ReactiveCalculation_AfterDiameterChange_ShouldAutoRecalculate" computerName="DESKTOP-38J4122" duration="00:00:00.0625116" startTime="2026-03-03T00:53:41.8213385+03:00" endTime="2026-03-03T00:53:41.9081977+03:00" testType="13cdc9d9-ddb5-4fa4-a97d-d965ccfc6d4b" outcome="Failed" testListId="8c84fa94-04c1-424b-9868-57a2d4851a1d" relativeResultsDirectory="cc826cea-0906-4b97-bddf-d27badd1de47">
      <Output>
        <ErrorInfo>
          <Message>System.InvalidOperationException : Collection was modified; enumeration operation may not execute.</Message>
          <StackTrace>   at System.Collections.Generic.List`1.Enumerator.MoveNext()&#xD;
   at Afney.Cad.Mechanical.MechanicalKernel.AutoConnectPorts(MechanicalEntity newEntity) in C:\Users\afney\Desktop\afneycad\AfneyCad\src\Afney.Cad.Mechanical\MechanicalKernel.cs:line 349&#xD;
   at Afney.Cad.Mechanical.MechanicalKernel.OnEntityAddedToDatabase(CadEntity entity) in C:\Users\afney\Desktop\afneycad\AfneyCad\src\Afney.Cad.Mechanical\MechanicalKernel.cs:line 164&#xD;
   at Afney.Cad.Tests.Mechanical.PortEngineeringTests.ReactiveCalculation_AfterDiameterChange_ShouldAutoRecalculate() in C:\Users\afney\Desktop\afneycad\AfneyCad\tests\Afney.Cad.Tests\Mechanical\PortEngineeringTests.cs:line 180&#xD;
   at System.Reflection.MethodBaseInvoker.InterpretedInvoke_Method(Object obj, IntPtr* args)&#xD;
   at System.Reflection.MethodBaseInvoker.InvokeWithNoArgs(Object obj, BindingFlags invokeAttr)</StackTrace>
        </ErrorInfo>
      </Output>
    </UnitTestResult>
  </Results>
  <TestDefinitions>
    <UnitTest name="Afney.Cad.Tests.Mechanical.PortEngineeringTests.ReactiveCalculation_AfterDiameterChange_ShouldAutoRecalculate" storage="c:\users\afney\desktop\afneycad\afneycad\tests\afney.cad.tests\bin\debug\net10.0\afney.cad.tests.dll" id="c89f85fa-18c2-7531-2506-730c95e70d38">
      <Execution id="cc826cea-0906-4b97-bddf-d27badd1de47" />
      <TestMethod codeBase="C:\Users\afney\Desktop\afneycad\AfneyCad\tests\Afney.Cad.Tests\bin\Debug\net10.0\Afney.Cad.Tests.dll" adapterTypeName="executor://xunit/VsTestRunner3/netcore/" className="Afney.Cad.Tests.Mechanical.PortEngineeringTests" name="ReactiveCalculation_AfterDiameterChange_ShouldAutoRecalculate" />
    </UnitTest>
  </TestDefinitions>
  <TestEntries>
    <TestEntry testId="c89f85fa-18c2-7531-2506-730c95e70d38" executionId="cc826cea-0906-4b97-bddf-d27badd1de47" testListId="8c84fa94-04c1-424b-9868-57a2d4851a1d" />
  </TestEntries>
  <TestLists>
    <TestList name="Bir Listede Olmayan Sonuçlar" id="8c84fa94-04c1-424b-9868-57a2d4851a1d" />
    <TestList name="Yüklenen Tüm Sonuçlar" id="19431567-8539-422a-85d7-44ee4e166bda" />
  </TestLists>
  <ResultSummary outcome="Failed">
    <Counters total="1" executed="1" passed="0" failed="1" error="0" timeout="0" aborted="0" inconclusive="0" passedButRunAborted="0" notRunnable="0" notExecuted="0" disconnected="0" warning="0" completed="0" inProgress="0" pending="0" />
    <Output>
      <StdOut>[xUnit.net 00:00:00.00] xUnit.net VSTest Adapter v3.1.4+50e68bbb8b (64-bit .NET 10.0.3)&#xD;
[xUnit.net 00:00:00.15]   Discovering: Afney.Cad.Tests&#xD;
[xUnit.net 00:00:00.21]   Discovered:  Afney.Cad.Tests&#xD;
[xUnit.net 00:00:00.25]   Starting:    Afney.Cad.Tests&#xD;
&gt;&gt;&gt; AutoConnect: 1 nodes found. Checking 4d12da4b-6579-4119-9911-94e5275efe7b&#xD;
&gt;&gt;&gt; AutoConnect: 2 nodes found. Checking 2ca1aee2-bc05-40fd-8398-466dcb9bc6ed&#xD;
&gt;&gt;&gt; AutoConnect: 3 nodes found. Checking 48a371d4-86fe-456d-a277-2635d5dcdb88&#xD;
[xUnit.net 00:00:00.40]       System.InvalidOperationException : Collection was modified; enumeration operation may not execute.&#xD;
[xUnit.net 00:00:00.40]       Stack Trace:&#xD;
[xUnit.net 00:00:00.40]            at System.Collections.Generic.List`1.Enumerator.MoveNext()&#xD;
[xUnit.net 00:00:00.40]         C:\Users\afney\Desktop\afneycad\AfneyCad\src\Afney.Cad.Mechanical\MechanicalKernel.cs(349,0): at Afney.Cad.Mechanical.MechanicalKernel.AutoConnectPorts(MechanicalEntity newEntity)&#xD;
[xUnit.net 00:00:00.40]         C:\Users\afney\Desktop\afneycad\AfneyCad\src\Afney.Cad.Mechanical\MechanicalKernel.cs(164,0): at Afney.Cad.Mechanical.MechanicalKernel.OnEntityAddedToDatabase(CadEntity entity)&#xD;
[xUnit.net 00:00:00.40]         C:\Users\afney\Desktop\afneycad\AfneyCad\tests\Afney.Cad.Tests\Mechanical\PortEngineeringTests.cs(180,0): at Afney.Cad.Tests.Mechanical.PortEngineeringTests.ReactiveCalculation_AfterDiameterChange_ShouldAutoRecalculate()&#xD;
[xUnit.net 00:00:00.40]            at System.Reflection.MethodBaseInvoker.InterpretedInvoke_Method(Object obj, IntPtr* args)&#xD;
[xUnit.net 00:00:00.40]            at System.Reflection.MethodBaseInvoker.InvokeWithNoArgs(Object obj, BindingFlags invokeAttr)&#xD;
[xUnit.net 00:00:00.42]   Finished:    Afney.Cad.Tests&#xD;
</StdOut>
    </Output>
    <RunInfos>
      <RunInfo computerName="DESKTOP-38J4122" outcome="Error" timestamp="2026-03-03T00:53:41.9131101+03:00">
        <Text>[xUnit.net 00:00:00.39]     Afney.Cad.Tests.Mechanical.PortEngineeringTests.ReactiveCalculation_AfterDiameterChange_ShouldAutoRecalculate [FAIL]</Text>
      </RunInfo>
    </RunInfos>
  </ResultSummary>
</TestRun>